2025-08-18 02:43:45,797 - INFO - Placing a STOP-LIMIT SELL order for 0.01 BTCUSDT
2025-08-18 02:43:45,797 - INFO -   - Stop Price: 59000.0
2025-08-18 02:43:45,797 - INFO -   - Limit Price: 58900.0
2025-08-18 02:43:46,037 - INFO - Order placed successfully! 
2025-08-18 02:43:46,037 - INFO -   - Order ID: 5593745088
2025-08-18 02:43:46,037 - INFO -   - Symbol: BTCUSDT
2025-08-18 02:43:46,037 - INFO -   - Side: SELL
2025-08-18 02:43:46,037 - INFO -   - Type: STOP
2025-08-18 02:43:46,037 - INFO -   - Status: NEW
2025-08-18 02:43:46,037 - INFO -   - Stop Price: 59000.00
2025-08-18 02:43:46,037 - INFO -   - Original Quantity: 0.010
2025-08-18 02:44:13,824 - INFO - Placing a STOP-LIMIT SELL order for 0.01 USDT-M
2025-08-18 02:44:13,825 - INFO -   - Stop Price: 59000.0
2025-08-18 02:44:13,825 - INFO -   - Limit Price: 58900.0
2025-08-18 02:44:13,976 - ERROR - Binance API Error (Code -1121): Invalid symbol.
2025-08-18 02:45:15,686 - INFO - Placing a STOP-LIMIT SELL order for 0.01 USDT-M
2025-08-18 02:45:15,687 - INFO -   - Stop Price: 59000.0
2025-08-18 02:45:15,687 - INFO -   - Limit Price: 58900.0
2025-08-18 02:45:16,221 - ERROR - Binance API Error (Code -1121): Invalid symbol.
2025-08-18 02:48:34,879 - INFO - Starting TWAP order for 0.5 BTCUSDT over 30.0 minutes.
2025-08-18 02:48:34,880 - INFO - Splitting into 10 orders of 0.05 each, with a delay of 180.00 seconds.
2025-08-18 02:48:34,880 - INFO - Placing sub-order 1/10
2025-08-18 02:48:35,376 - INFO - Sub-order placed successfully! 
2025-08-18 02:48:35,376 - INFO -   - Order ID: 5593759444
2025-08-18 02:48:35,376 - INFO -   - Status: NEW
2025-08-18 02:48:35,376 - INFO -   - Executed Quantity: 0.000
2025-08-18 02:48:35,376 - INFO - Waiting for 180.00 seconds before next order...
2025-08-18 02:55:07,021 - INFO - Placing OCO order for 0.01 BTCUSDT
2025-08-18 02:55:07,022 - INFO -   - Limit Price (Take Profit): 65000.0
2025-08-18 02:55:07,022 - INFO -   - Stop Price (Stop Loss): 55000.0
2025-08-18 02:55:07,023 - INFO -   - Stop-Limit Price: 54900.0
2025-08-18 02:55:07,405 - ERROR - Binance API Error (Code -1102): Mandatory parameter 'aboveType' was not sent, was empty/null, or malformed.
2025-08-18 02:58:02,841 - INFO - Placing simulated OCO for 0.01 BTCUSDT
2025-08-18 02:58:02,842 - INFO -   - Take-Profit Limit Price: 65000.0
2025-08-18 02:58:02,842 - INFO -   - Stop-Loss Price: 55000.0
2025-08-18 02:58:03,346 - INFO - Take-Profit order placed successfully! 
2025-08-18 02:58:03,347 - INFO -   - Order ID: 5593780105
2025-08-18 02:58:03,725 - ERROR - Binance API Error (Code -1102): Mandatory parameter 'price' was not sent, was empty/null, or malformed.
2025-08-18 03:00:05,932 - INFO - Placing simulated OCO for 0.01 BTCUSDT
2025-08-18 03:00:05,933 - INFO -   - Take-Profit Limit Price: 65000.0
2025-08-18 03:00:05,933 - INFO -   - Stop-Loss Trigger Price: 55000.0
2025-08-18 03:00:06,159 - INFO - Take-Profit order placed successfully! 
2025-08-18 03:00:06,159 - INFO -   - Order ID: 5593783078
2025-08-18 03:00:06,159 - ERROR - An unexpected error occurred: name 'ORDER_TYPE_STOP_MARKET' is not defined
2025-08-18 03:00:32,617 - INFO - Placing simulated OCO for 0.01 BTCUSDT
2025-08-18 03:00:32,618 - INFO -   - Take-Profit Limit Price: 65000.0
2025-08-18 03:00:32,618 - INFO -   - Stop-Loss Trigger Price: 55000.0
2025-08-18 03:00:33,010 - INFO - Take-Profit order placed successfully! 
2025-08-18 03:00:33,010 - INFO -   - Order ID: 5593784040
2025-08-18 03:00:33,380 - ERROR - Binance API Error (Code -2021): Order would immediately trigger.
2025-08-18 03:03:57,136 - ERROR - An unexpected error occurred in the main process: 'Client' object has no attribute 'futures_get_all_tickers'
2025-08-18 03:05:34,206 - INFO - Placed initial BUY order at 60500.0. Order ID: 5593794204
2025-08-18 03:05:34,579 - INFO - Placed initial BUY order at 61000.0. Order ID: 5593794208
2025-08-18 03:05:34,713 - INFO - Placed initial BUY order at 61500.0. Order ID: 5593794212
2025-08-18 03:05:35,089 - INFO - Placed initial BUY order at 62000.0. Order ID: 5593794221
2025-08-18 03:05:35,231 - INFO - Placed initial BUY order at 62500.0. Order ID: 5593794223
2025-08-18 03:05:35,364 - INFO - Placed initial BUY order at 63000.0. Order ID: 5593794224
2025-08-18 03:05:35,499 - INFO - Placed initial BUY order at 63500.0. Order ID: 5593794229
2025-08-18 03:05:35,948 - INFO - Placed initial BUY order at 64000.0. Order ID: 5593794232
2025-08-18 03:05:36,323 - INFO - Placed initial BUY order at 64500.0. Order ID: 5593794244
2025-08-18 03:05:36,455 - INFO - Placed initial BUY order at 65000.0. Order ID: 5593794247
2025-08-18 03:05:36,455 - INFO - Grid trading strategy is now active. Monitoring for filled orders...
